<?xml version="1.0" encoding="UTF-8"?>
<!-- Generated by org.testng.reporters.JUnitXMLReporter -->
<testsuite ignored="1" hostname="Bhandari" failures="2" tests="2" name="Open DMM for a given DocId Test" time="65.467" errors="0" timestamp="2024-04-18T11:50:10 IST">
  <testcase classname="sameerLearningHub.tests.OpenDMM" name="getDocNamefromDMMTest" time="26.063">
    <failure type="java.lang.AssertionError" message="expected [Mezza Fund II-TestRandonEnt-Capital Call Notice-03-07-18-Capital Activity] but found [Mezza Fund II - TestRandonEnt - Capital Call Notice - 03/07/18]">
      <![CDATA[java.lang.AssertionError: expected [Mezza Fund II-TestRandonEnt-Capital Call Notice-03-07-18-Capital Activity] but found [Mezza Fund II - TestRandonEnt - Capital Call Notice - 03/07/18]
at sameerLearningHub.tests.OpenDMM.getDocNamefromDMMTest(OpenDMM.java:73)
at java.base/java.util.ArrayList.forEach(ArrayList.java:1511)
... Removed 31 stack frames]]>
    </failure>
  </testcase> <!-- getDocNamefromDMMTest -->
  <testcase classname="sameerLearningHub.tests.OpenDMM" name="getDocNamefromDMMTest" time="24.719">
    <failure type="java.lang.AssertionError" message="expected [sb03JanFund-sb03JanEntity-ILPA Reporting Template-12-31-15-Capital Activity] but found [sb03JanFund - sb03JanEntity - ILPA Reporting Template - 12/31/15]">
      <![CDATA[java.lang.AssertionError: expected [sb03JanFund-sb03JanEntity-ILPA Reporting Template-12-31-15-Capital Activity] but found [sb03JanFund - sb03JanEntity - ILPA Reporting Template - 12/31/15]
at sameerLearningHub.tests.OpenDMM.getDocNamefromDMMTest(OpenDMM.java:73)
at java.base/java.util.ArrayList.forEach(ArrayList.java:1511)
... Removed 31 stack frames]]>
    </failure>
  </testcase> <!-- getDocNamefromDMMTest -->
  <testcase classname="sameerLearningHub.tests.OpenDMM" name="getDocIdfromDMMTest" time="0.0">
    <ignored/>
  </testcase> <!-- getDocIdfromDMMTest -->
</testsuite> <!-- Open DMM for a given DocId Test -->
