<?xml version="1.0" encoding="UTF-8"?>
<testng-results ignored="0" total="1" passed="1" failed="0" skipped="0">
  <reporter-output>
  </reporter-output>
  <suite started-at="2024-05-16T16:16:59 IST" name="Default suite" finished-at="2024-05-16T16:17:41 IST" duration-ms="41320">
    <groups>
    </groups>
    <test started-at="2024-05-16T16:16:59 IST" name="Default test" finished-at="2024-05-16T16:17:41 IST" duration-ms="41320">
      <class name="sameerLearningHub.tests.FrameDemo">
        <test-method signature="practiceDropdown()[pri:0, instance:sameerLearningHub.tests.FrameDemo@6e171cd7]" started-at="2024-05-16T16:16:59 IST" name="practiceDropdown" finished-at="2024-05-16T16:17:41 IST" duration-ms="41275" status="PASS">
          <reporter-output>
          </reporter-output>
        </test-method> <!-- practiceDropdown -->
      </class> <!-- sameerLearningHub.tests.FrameDemo -->
    </test> <!-- Default test -->
  </suite> <!-- Default suite -->
</testng-results>
